  [1m[36m (26.0ms)[0m  [1mCREATE TABLE "schema_migrations" ("version" character varying(255) NOT NULL) [0m
  [1m[35m (2.6ms)[0m  CREATE UNIQUE INDEX  "unique_schema_migrations" ON "schema_migrations"  ("version")
  [1m[36mActiveRecord::SchemaMigration Load (0.3ms)[0m  [1mSELECT "schema_migrations".* FROM "schema_migrations"[0m
Migrating to CreateUsers (20141018063148)
  [1m[35m (0.2ms)[0m  BEGIN
  [1m[36m (26.7ms)[0m  [1mCREATE TABLE "users" ("id" serial primary key, "name" character varying(255), "created_at" timestamp, "updated_at" timestamp) [0m
  [1m[35mSQL (5.9ms)[0m  INSERT INTO "schema_migrations" ("version") VALUES ($1)  [["version", "20141018063148"]]
  [1m[36m (5.9ms)[0m  [1mCOMMIT[0m
Migrating to AddDeviseToUsers (20141018063604)
  [1m[35m (6.0ms)[0m  BEGIN
  [1m[36m (10.5ms)[0m  [1mALTER TABLE "users" ADD COLUMN "email" character varying(255) DEFAULT '' NOT NULL[0m
  [1m[35m (2.9ms)[0m  ALTER TABLE "users" ADD COLUMN "encrypted_password" character varying(255) DEFAULT '' NOT NULL
  [1m[36m (0.3ms)[0m  [1mALTER TABLE "users" ADD COLUMN "reset_password_token" character varying(255)[0m
  [1m[35m (0.2ms)[0m  ALTER TABLE "users" ADD COLUMN "reset_password_sent_at" timestamp
  [1m[36m (0.2ms)[0m  [1mALTER TABLE "users" ADD COLUMN "remember_created_at" timestamp[0m
  [1m[35m (14.7ms)[0m  ALTER TABLE "users" ADD COLUMN "sign_in_count" integer DEFAULT 0 NOT NULL
  [1m[36m (0.3ms)[0m  [1mALTER TABLE "users" ADD COLUMN "current_sign_in_at" timestamp[0m
  [1m[35m (0.2ms)[0m  ALTER TABLE "users" ADD COLUMN "last_sign_in_at" timestamp
  [1m[36m (0.3ms)[0m  [1mALTER TABLE "users" ADD COLUMN "current_sign_in_ip" character varying(255)[0m
  [1m[35m (0.3ms)[0m  ALTER TABLE "users" ADD COLUMN "last_sign_in_ip" character varying(255)
  [1m[36m (6.5ms)[0m  [1mCREATE UNIQUE INDEX  "index_users_on_email" ON "users"  ("email")[0m
  [1m[35m (1.3ms)[0m  CREATE UNIQUE INDEX  "index_users_on_reset_password_token" ON "users"  ("reset_password_token")
  [1m[36mSQL (0.7ms)[0m  [1mINSERT INTO "schema_migrations" ("version") VALUES ($1)[0m  [["version", "20141018063604"]]
  [1m[35m (2.3ms)[0m  COMMIT
Migrating to EnableHStore (20141018071684)
  [1m[36m (0.3ms)[0m  [1mBEGIN[0m
  [1m[35mSQL (21.8ms)[0m  CREATE EXTENSION IF NOT EXISTS "hstore"
  [1m[36mSQL (0.2ms)[0m  [1mINSERT INTO "schema_migrations" ("version") VALUES ($1)[0m  [["version", "20141018071684"]]
  [1m[35m (1.5ms)[0m  COMMIT
Migrating to CreatePosts (20141018071702)
  [1m[36m (0.3ms)[0m  [1mBEGIN[0m
  [1m[35m (3.6ms)[0m  CREATE TABLE "posts" ("id" serial primary key, "author_id" integer, "title" character varying(255), "body" text, "tags" hstore, "created_at" timestamp, "updated_at" timestamp) 
  [1m[36mSQL (0.2ms)[0m  [1mINSERT INTO "schema_migrations" ("version") VALUES ($1)[0m  [["version", "20141018071702"]]
  [1m[35m (0.4ms)[0m  COMMIT
  [1m[36mActiveRecord::SchemaMigration Load (0.3ms)[0m  [1mSELECT "schema_migrations".* FROM "schema_migrations"[0m
  [1m[36m (128.4ms)[0m  [1mDROP DATABASE IF EXISTS "pancakes_test"[0m
  [1m[35m (247.9ms)[0m  CREATE DATABASE "pancakes_test" ENCODING = 'utf8'
  [1m[36m (118.0ms)[0m  [1mDROP DATABASE IF EXISTS "pancakes_test"[0m
  [1m[35m (235.5ms)[0m  CREATE DATABASE "pancakes_test" ENCODING = 'utf8'
  [1m[36mSQL (0.4ms)[0m  [1mCREATE EXTENSION IF NOT EXISTS "plpgsql"[0m
  [1m[35mSQL (16.7ms)[0m  CREATE EXTENSION IF NOT EXISTS "hstore"
  [1m[36m (4.2ms)[0m  [1mCREATE TABLE "posts" ("id" serial primary key, "author_id" integer, "title" character varying(255), "body" text, "tags" hstore, "created_at" timestamp, "updated_at" timestamp) [0m
  [1m[35m (3.4ms)[0m  CREATE TABLE "users" ("id" serial primary key, "name" character varying(255), "created_at" timestamp, "updated_at" timestamp, "email" character varying(255) DEFAULT '' NOT NULL, "encrypted_password" character varying(255) DEFAULT '' NOT NULL, "reset_password_token" character varying(255), "reset_password_sent_at" timestamp, "remember_created_at" timestamp, "sign_in_count" integer DEFAULT 0 NOT NULL, "current_sign_in_at" timestamp, "last_sign_in_at" timestamp, "current_sign_in_ip" character varying(255), "last_sign_in_ip" character varying(255)) 
  [1m[36m (1.2ms)[0m  [1mCREATE UNIQUE INDEX  "index_users_on_email" ON "users" USING btree ("email")[0m
  [1m[35m (1.3ms)[0m  CREATE UNIQUE INDEX  "index_users_on_reset_password_token" ON "users" USING btree ("reset_password_token")
  [1m[36m (1.1ms)[0m  [1mCREATE TABLE "schema_migrations" ("version" character varying(255) NOT NULL) [0m
  [1m[35m (1.6ms)[0m  CREATE UNIQUE INDEX  "unique_schema_migrations" ON "schema_migrations"  ("version")
  [1m[36m (0.5ms)[0m  [1mSELECT version FROM "schema_migrations"[0m
  [1m[35m (0.5ms)[0m  INSERT INTO "schema_migrations" (version) VALUES ('20141018071702')
  [1m[36m (0.4ms)[0m  [1mINSERT INTO "schema_migrations" (version) VALUES ('20141018063148')[0m
  [1m[35m (0.4ms)[0m  INSERT INTO "schema_migrations" (version) VALUES ('20141018063604')
  [1m[36m (0.3ms)[0m  [1mINSERT INTO "schema_migrations" (version) VALUES ('20141018071684')[0m
